<?xml version="1.0" encoding="utf-8"?><testsuites name="pytest tests"><testsuite name="pytest" errors="0" failures="0" skipped="0" tests="17" time="38.578" timestamp="2026-05-10T12:08:50.912363+00:00" hostname="agent-env-7f4650dd-a8e8-4abf-bc9e-4ea1228f606a"><testcase classname="backend.tests.test_search_export.TestBlastTemplatesSearch" name="test_no_query_returns_all" time="36.513" /><testcase classname="backend.tests.test_search_export.TestBlastTemplatesSearch" name="test_empty_query_returns_all" time="0.042" /><testcase classname="backend.tests.test_search_export.TestBlastTemplatesSearch" name="test_search_by_name" time="0.043" /><testcase classname="backend.tests.test_search_export.TestBlastTemplatesSearch" name="test_search_by_message" time="0.047" /><testcase classname="backend.tests.test_search_export.TestBlastTemplatesSearch" name="test_search_matches_name_or_message" time="0.043" /><testcase classname="backend.tests.test_search_export.TestBlastTemplatesSearch" name="test_search_by_attachment_name" time="0.083" /><testcase classname="backend.tests.test_search_export.TestBlastTemplatesSearch" name="test_special_regex_chars_escaped" time="0.058" /><testcase classname="backend.tests.test_search_export.TestBlastTemplatesSearch" name="test_unicode_hindi_search" time="0.083" /><testcase classname="backend.tests.test_search_export.TestBlastTemplatesSearch" name="test_no_match_returns_empty" time="0.058" /><testcase classname="backend.tests.test_search_export.TestContactsSearch" name="test_search_by_name" time="0.223" /><testcase classname="backend.tests.test_search_export.TestContactsSearch" name="test_search_by_city" time="0.044" /><testcase classname="backend.tests.test_search_export.TestContactsSearch" name="test_search_by_mobile" time="0.085" /><testcase classname="backend.tests.test_search_export.TestContactsSearch" name="test_no_query_returns_paginated_list" time="0.046" /><testcase classname="backend.tests.test_search_export.TestGroupsSearch" name="test_search_by_name" time="0.168" /><testcase classname="backend.tests.test_search_export.TestGroupsSearch" name="test_no_query_returns_all" time="0.044" /><testcase classname="backend.tests.test_search_export.TestExports" name="test_contacts_export_xlsx" time="0.105" /><testcase classname="backend.tests.test_search_export.TestExports" name="test_leads_export_xlsx" time="0.657" /></testsuite></testsuites>