<?xml version="1.0" encoding="utf-8"?><testsuites name="pytest tests"><testsuite name="pytest" errors="0" failures="0" skipped="0" tests="9" time="1.608" timestamp="2026-05-10T20:13:38.878260+00:00" hostname="agent-env-7f4650dd-a8e8-4abf-bc9e-4ea1228f606a"><testcase classname="backend.tests.test_broadcast_validation_and_ack.TestBroadcastStartValidation" name="test_all_invalid_returns_400" time="0.246" /><testcase classname="backend.tests.test_broadcast_validation_and_ack.TestBroadcastStartValidation" name="test_mixed_valid_invalid_returns_200_with_invalid_numbers" time="0.150" /><testcase classname="backend.tests.test_broadcast_validation_and_ack.TestBroadcastStartValidation" name="test_normalization_variants" time="0.130" /><testcase classname="backend.tests.test_broadcast_validation_and_ack.TestWhatsappAck" name="test_ack_legacy_string_failed" time="0.150" /><testcase classname="backend.tests.test_broadcast_validation_and_ack.TestWhatsappAck" name="test_ack_new_dict_failed_stores_reason" time="0.129" /><testcase classname="backend.tests.test_broadcast_validation_and_ack.TestWhatsappAck" name="test_ack_bad_secret_rejected" time="0.138" /><testcase classname="backend.tests.test_broadcast_validation_and_ack.TestWhatsappAck" name="test_queue_recent_returns_error_reason" time="0.190" /><testcase classname="backend.tests.test_broadcast_validation_and_ack.TestBlastTemplatesRegression" name="test_list_templates" time="0.103" /><testcase classname="backend.tests.test_broadcast_validation_and_ack.TestBlastTemplatesRegression" name="test_create_template_via_save_as" time="0.117" /></testsuite></testsuites>