<?xml version="1.0" encoding="utf-8"?><testsuites name="pytest tests"><testsuite name="pytest" errors="0" failures="0" skipped="0" tests="12" time="9.390" timestamp="2026-05-06T08:59:49.576098+00:00" hostname="agent-env-7f4650dd-a8e8-4abf-bc9e-4ea1228f606a"><testcase classname="backend.tests.backend_test" name="test_send_otp_returns_dev_otp" time="0.239" /><testcase classname="backend.tests.backend_test" name="test_verify_otp_invalid" time="0.102" /><testcase classname="backend.tests.backend_test" name="test_settings_get_default" time="0.285" /><testcase classname="backend.tests.backend_test" name="test_settings_update" time="0.099" /><testcase classname="backend.tests.backend_test" name="test_catalog_seeded" time="0.095" /><testcase classname="backend.tests.backend_test" name="test_catalog_crud_range" time="0.778" /><testcase classname="backend.tests.backend_test" name="test_bot_full_flow" time="0.990" /><testcase classname="backend.tests.backend_test" name="test_leads_list_and_export" time="0.385" /><testcase classname="backend.tests.backend_test" name="test_templates_list_and_update" time="0.410" /><testcase classname="backend.tests.backend_test" name="test_senders_crud" time="0.434" /><testcase classname="backend.tests.backend_test" name="test_broadcast_parse_paste" time="0.097" /><testcase classname="backend.tests.backend_test" name="test_broadcast_start_and_cap" time="5.350" /></testsuite></testsuites>